<?xml version="1.0" encoding="UTF-8"?>
<!-- Generated by org.testng.reporters.JUnitReportReporter -->
<testsuite hostname="Deepas-MBP" failures="0" tests="10" name="com.disneygo.qa.testcases.HomePageTest" time="97.183" errors="0" timestamp="05 Apr 2018 18:24:53 GMT" skipped="0">
  <testcase classname="com.disneygo.qa.testcases.HomePageTest" name="verifyDisneyHomePageLogo" time="5.112"/>
  <testcase classname="com.disneygo.qa.testcases.HomePageTest" name="verifyParksAndTicketsDropDownMenu" time="5.737"/>
  <testcase classname="com.disneygo.qa.testcases.HomePageTest" name="navigateSubMenuParksAndTickets" time="12.766"/>
  <testcase classname="com.disneygo.qa.testcases.HomePageTest" name="navigateToParksAndTickets" time="11.099"/>
  <testcase classname="com.disneygo.qa.testcases.HomePageTest" name="navigateToPlacesToStay" time="10.964"/>
  <testcase classname="com.disneygo.qa.testcases.HomePageTest" name="navigateToThingsToDo" time="7.878"/>
  <testcase classname="com.disneygo.qa.testcases.HomePageTest" name="navigateToShop" time="8.934"/>
  <testcase classname="com.disneygo.qa.testcases.HomePageTest" name="navigateToAnnualPassports" time="8.915"/>
  <testcase classname="com.disneygo.qa.testcases.HomePageTest" name="navigateToHelp" time="11.195"/>
  <testcase classname="com.disneygo.qa.testcases.HomePageTest" name="navigateToCart" time="14.583"/>
</testsuite> <!-- com.disneygo.qa.testcases.HomePageTest -->
