<?xml version="1.0" encoding="UTF-8"?>
<!-- Generated by org.testng.reporters.JUnitReportReporter -->
<testsuite hostname="Deepas-MBP" failures="0" tests="1" name="com.disneygo.qa.testcases.CartPageTest" time="13.928" errors="0" timestamp="07 Apr 2018 01:14:21 GMT" skipped="0">
  <testcase classname="com.disneygo.qa.testcases.CartPageTest" name="verifyCartPageText" time="13.928"/>
</testsuite> <!-- com.disneygo.qa.testcases.CartPageTest -->
