<?xml version="1.0" encoding="UTF-8"?>
<!-- Generated by org.testng.reporters.JUnitReportReporter -->
<testsuite hostname="Deepas-MBP" failures="0" tests="1" name="com.disneygo.qa.testcases.DisneyGoTest" time="7.807" errors="0" timestamp="30 Mar 2018 15:41:37 GMT" skipped="0">
  <testcase classname="com.disneygo.qa.testcases.DisneyGoTest" name="verifyDisneyPanel" time="7.807"/>
</testsuite> <!-- com.disneygo.qa.testcases.DisneyGoTest -->
