<?xml version="1.0" encoding="UTF-8"?>
<!-- Generated by org.testng.reporters.JUnitReportReporter -->
<testsuite hostname="Deepas-MBP" failures="0" tests="10" name="com.disneygo.qa.testcases.HomePageTest" time="78.367" errors="0" timestamp="08 Apr 2018 19:27:20 GMT" skipped="0">
  <testcase classname="com.disneygo.qa.testcases.HomePageTest" name="verifyDisneyHomePageLogo" time="3.398"/>
  <testcase classname="com.disneygo.qa.testcases.HomePageTest" name="navigateSubMenuParksAndTickets" time="9.143"/>
  <testcase classname="com.disneygo.qa.testcases.HomePageTest" name="verifyParksAndTicketsDropDownMenu" time="5.817"/>
  <testcase classname="com.disneygo.qa.testcases.HomePageTest" name="navigateToParksAndTickets" time="11.941"/>
  <testcase classname="com.disneygo.qa.testcases.HomePageTest" name="navigateToPlacesToStay" time="7.419"/>
  <testcase classname="com.disneygo.qa.testcases.HomePageTest" name="navigateToThingsToDo" time="9.423"/>
  <testcase classname="com.disneygo.qa.testcases.HomePageTest" name="navigateToShop" time="7.844"/>
  <testcase classname="com.disneygo.qa.testcases.HomePageTest" name="navigateToAnnualPassports" time="8.972"/>
  <testcase classname="com.disneygo.qa.testcases.HomePageTest" name="navigateToHelp" time="7.844"/>
  <testcase classname="com.disneygo.qa.testcases.HomePageTest" name="navigateToCart" time="6.566"/>
</testsuite> <!-- com.disneygo.qa.testcases.HomePageTest -->
