<?xml version="1.0" encoding="UTF-8"?>
<!-- Generated by org.testng.reporters.JUnitReportReporter -->
<testsuite hostname="Deepas-MBP" failures="0" tests="1" name="com.disneygo.qa.testcases.PlacesToStayPageTest" time="13.695" errors="0" timestamp="05 Apr 2018 18:24:53 GMT" skipped="0">
  <testcase classname="com.disneygo.qa.testcases.PlacesToStayPageTest" name="verifyCartPageText" time="13.695"/>
</testsuite> <!-- com.disneygo.qa.testcases.PlacesToStayPageTest -->
