<?xml version="1.0" encoding="UTF-8"?>
<!-- Generated by org.testng.reporters.JUnitReportReporter -->
<testsuite hostname="Deepas-MBP" failures="0" tests="5" name="com.disneygo.qa.testcases.HomePageTest" time="29.766" errors="0" timestamp="21 Mar 2018 15:37:57 GMT" skipped="0">
  <testcase classname="com.disneygo.qa.testcases.HomePageTest" name="verifyLinkstoPages_Contacts" time="5.266"/>
  <testcase classname="com.disneygo.qa.testcases.HomePageTest" name="verifyHomePageTitle" time="4.924"/>
  <testcase classname="com.disneygo.qa.testcases.HomePageTest" name="verifyLoginCredName" time="5.967"/>
  <testcase classname="com.disneygo.qa.testcases.HomePageTest" name="verifyLinkstoPages_Calendar" time="5.631"/>
  <testcase classname="com.disneygo.qa.testcases.HomePageTest" name="verifyLinksOnSideBar" time="7.978"/>
</testsuite> <!-- com.disneygo.qa.testcases.HomePageTest -->
