<?xml version="1.0" encoding="UTF-8"?>
<!-- Generated by org.testng.reporters.JUnitReportReporter -->
<testsuite hostname="Deepas-MBP" failures="0" tests="10" name="com.disneygo.qa.testcases.HomePageTest" time="95.904" errors="0" timestamp="07 Apr 2018 01:14:21 GMT" skipped="0">
  <testcase classname="com.disneygo.qa.testcases.HomePageTest" name="verifyDisneyHomePageLogo" time="5.489"/>
  <testcase classname="com.disneygo.qa.testcases.HomePageTest" name="navigateSubMenuParksAndTickets" time="13.944"/>
  <testcase classname="com.disneygo.qa.testcases.HomePageTest" name="verifyParksAndTicketsDropDownMenu" time="3.271"/>
  <testcase classname="com.disneygo.qa.testcases.HomePageTest" name="navigateToParksAndTickets" time="17.492"/>
  <testcase classname="com.disneygo.qa.testcases.HomePageTest" name="navigateToPlacesToStay" time="8.879"/>
  <testcase classname="com.disneygo.qa.testcases.HomePageTest" name="navigateToThingsToDo" time="9.851"/>
  <testcase classname="com.disneygo.qa.testcases.HomePageTest" name="navigateToShop" time="8.820"/>
  <testcase classname="com.disneygo.qa.testcases.HomePageTest" name="navigateToAnnualPassports" time="9.189"/>
  <testcase classname="com.disneygo.qa.testcases.HomePageTest" name="navigateToHelp" time="9.754"/>
  <testcase classname="com.disneygo.qa.testcases.HomePageTest" name="navigateToCart" time="9.215"/>
</testsuite> <!-- com.disneygo.qa.testcases.HomePageTest -->
