<?xml version="1.0" encoding="UTF-8"?>
<!-- Generated by org.testng.reporters.JUnitReportReporter -->
<testsuite hostname="Deepas-MBP" failures="0" tests="3" name="com.crm.qa.testcases.LoginPageTest" time="8.515" errors="0" timestamp="27 Feb 2018 04:36:59 GMT" skipped="0">
  <testcase classname="com.crm.qa.testcases.LoginPageTest" name="loginPageTitleTest" time="2.351"/>
  <testcase classname="com.crm.qa.testcases.LoginPageTest" name="crmLogoImageTest" time="2.391"/>
  <testcase classname="com.crm.qa.testcases.LoginPageTest" name="loginTest" time="3.773"/>
</testsuite> <!-- com.crm.qa.testcases.LoginPageTest -->
