<?xml version="1.0" encoding="UTF-8"?>
<!-- Generated by org.testng.reporters.JUnitReportReporter -->
<testsuite hostname="Deepas-MBP" failures="0" tests="11" name="com.disneygo.qa.testcases.HomePageTest" time="0.007" errors="1" timestamp="06 Apr 2018 19:29:09 GMT" skipped="10">
  <testcase classname="com.disneygo.qa.testcases.HomePageTest" name="setUp" time="0.006">
    <error type="java.lang.NullPointerException">
      <![CDATA[java.lang.NullPointerException
	at com.disneygo.qa.base.TestBase.initialization(TestBase.java:44)
	at com.disneygo.qa.testcases.HomePageTest.setUp(HomePageTest.java:42)
	at java.base/jdk.internal.reflect.NativeMethodAccessorImpl.invoke0(Native Method)
	at java.base/jdk.internal.reflect.NativeMethodAccessorImpl.invoke(NativeMethodAccessorImpl.java:62)
	at java.base/jdk.internal.reflect.DelegatingMethodAccessorImpl.invoke(DelegatingMethodAccessorImpl.java:43)
	at java.base/java.lang.reflect.Method.invoke(Method.java:564)
	at org.testng.internal.MethodInvocationHelper.invokeMethod(MethodInvocationHelper.java:108)
	at org.testng.internal.Invoker.invokeConfigurationMethod(Invoker.java:523)
	at org.testng.internal.Invoker.invokeConfigurations(Invoker.java:224)
	at org.testng.internal.Invoker.invokeMethod(Invoker.java:599)
	at org.testng.internal.Invoker.invokeTestMethod(Invoker.java:869)
	at org.testng.internal.Invoker.invokeTestMethods(Invoker.java:1193)
	at org.testng.internal.TestMethodWorker.invokeTestMethods(TestMethodWorker.java:126)
	at org.testng.internal.TestMethodWorker.run(TestMethodWorker.java:109)
	at org.testng.TestRunner.privateRun(TestRunner.java:744)
	at org.testng.TestRunner.run(TestRunner.java:602)
	at org.testng.SuiteRunner.runTest(SuiteRunner.java:380)
	at org.testng.SuiteRunner.runSequentially(SuiteRunner.java:375)
	at org.testng.SuiteRunner.privateRun(SuiteRunner.java:340)
	at org.testng.SuiteRunner.run(SuiteRunner.java:289)
	at org.testng.SuiteRunnerWorker.runSuite(SuiteRunnerWorker.java:52)
	at org.testng.SuiteRunnerWorker.run(SuiteRunnerWorker.java:86)
	at org.testng.TestNG.runSuitesSequentially(TestNG.java:1301)
	at org.testng.TestNG.runSuitesLocally(TestNG.java:1226)
	at org.testng.TestNG.runSuites(TestNG.java:1144)
	at org.testng.TestNG.run(TestNG.java:1115)
	at org.testng.remote.AbstractRemoteTestNG.run(AbstractRemoteTestNG.java:114)
	at org.testng.remote.RemoteTestNG.initAndRun(RemoteTestNG.java:251)
	at org.testng.remote.RemoteTestNG.main(RemoteTestNG.java:77)
]]>
    </error>
  </testcase> <!-- setUp -->
  <testcase classname="com.disneygo.qa.testcases.HomePageTest" name="verifyDisneyHomePageLogo" time="0.000">
    <skipped/>
  </testcase> <!-- verifyDisneyHomePageLogo -->
  <testcase classname="com.disneygo.qa.testcases.HomePageTest" name="verifyParksAndTicketsDropDownMenu" time="0.000">
    <skipped/>
  </testcase> <!-- verifyParksAndTicketsDropDownMenu -->
  <testcase classname="com.disneygo.qa.testcases.HomePageTest" name="navigateSubMenuParksAndTickets" time="0.000">
    <skipped/>
  </testcase> <!-- navigateSubMenuParksAndTickets -->
  <testcase classname="com.disneygo.qa.testcases.HomePageTest" name="navigateToParksAndTickets" time="0.000">
    <skipped/>
  </testcase> <!-- navigateToParksAndTickets -->
  <testcase classname="com.disneygo.qa.testcases.HomePageTest" name="navigateToPlacesToStay" time="0.000">
    <skipped/>
  </testcase> <!-- navigateToPlacesToStay -->
  <testcase classname="com.disneygo.qa.testcases.HomePageTest" name="navigateToThingsToDo" time="0.000">
    <skipped/>
  </testcase> <!-- navigateToThingsToDo -->
  <testcase classname="com.disneygo.qa.testcases.HomePageTest" name="navigateToShop" time="0.000">
    <skipped/>
  </testcase> <!-- navigateToShop -->
  <testcase classname="com.disneygo.qa.testcases.HomePageTest" name="navigateToAnnualPassports" time="0.000">
    <skipped/>
  </testcase> <!-- navigateToAnnualPassports -->
  <testcase classname="com.disneygo.qa.testcases.HomePageTest" name="navigateToHelp" time="0.000">
    <skipped/>
  </testcase> <!-- navigateToHelp -->
  <testcase classname="com.disneygo.qa.testcases.HomePageTest" name="navigateToCart" time="0.001">
    <skipped/>
  </testcase> <!-- navigateToCart -->
</testsuite> <!-- com.disneygo.qa.testcases.HomePageTest -->
